2025-03-27 14:23:33,604 [INFO] - Erstelle RugCheck-Frame
2025-03-27 14:23:33,612 [INFO] - Setze alle Metriken zurück auf: N/A
2025-03-27 14:23:33,616 [INFO] - Prüfe API-Key...
2025-03-27 14:23:33,616 [INFO] - Starte API-Test
2025-03-27 14:23:33,616 [INFO] - Teste API-Key...
2025-03-27 14:23:33,617 [INFO] - Sende API-Key Test-Anfrage für Token: EPjFWdd5AufqSSqeM2qN1xzybapC8G4wEGGkZwyTDt1v
2025-03-27 14:23:33,789 [INFO] - API-Key Test-Antwort erhalten in 0.17s mit Status: 200
2025-03-27 14:23:33,790 [INFO] - API-Key Test Ergebnis: Erfolg
2025-03-27 14:23:34,433 [INFO] - API-Key ist gültig
2025-03-27 14:39:26,272 [INFO] - Update Metrics aufgerufen für Token: GAivAeB2h2AnMduEWHWnvmU2yuRMWXycfthFF4Lzpump
2025-03-27 14:39:26,275 [INFO] - Daten abrufen für Token: GAivAeB2h2AnMduEWHWnvmU2yuRMWXycfthFF4Lzpump
2025-03-27 14:39:26,275 [INFO] - Thread zum Laden der Daten für GAivAeB2h2AnMduEWHWnvmU2yuRMWXycfthFF4Lzpump gestartet
2025-03-27 14:39:26,285 [INFO] - Rufe fetch_axiom_data mit Timeout 20s auf
2025-03-27 14:39:26,285 [INFO] - Starte API-Anfrage für Token: GAivAeB2h2AnMduEWHWnvmU2yuRMWXycfthFF4Lzpump
2025-03-27 14:39:26,285 [INFO] - API-Key (Anfang): xaat...
2025-03-27 14:39:26,285 [INFO] - API-URL: https://api.solanatracker.io/tokens/GAivAeB2h2AnMduEWHWnvmU2yuRMWXycfthFF4Lzpump
2025-03-27 14:39:26,286 [INFO] - Sende Anfrage...
2025-03-27 14:39:46,422 [WARNING] - Retrying (Retry(total=2, connect=None, read=None, redirect=None, status=None)) after connection broken by 'ReadTimeoutError("HTTPSConnectionPool(host='api.solanatracker.io', port=443): Read timed out. (read timeout=20)")': /tokens/GAivAeB2h2AnMduEWHWnvmU2yuRMWXycfthFF4Lzpump
2025-03-27 14:40:06,493 [WARNING] - Retrying (Retry(total=1, connect=None, read=None, redirect=None, status=None)) after connection broken by 'ReadTimeoutError("HTTPSConnectionPool(host='api.solanatracker.io', port=443): Read timed out. (read timeout=20)")': /tokens/GAivAeB2h2AnMduEWHWnvmU2yuRMWXycfthFF4Lzpump
2025-03-27 14:40:26,557 [WARNING] - Retrying (Retry(total=0, connect=None, read=None, redirect=None, status=None)) after connection broken by 'ReadTimeoutError("HTTPSConnectionPool(host='api.solanatracker.io', port=443): Read timed out. (read timeout=20)")': /tokens/GAivAeB2h2AnMduEWHWnvmU2yuRMWXycfthFF4Lzpump
2025-03-27 14:40:46,619 [ERROR] - Axiom API-Verbindungsfehler: Konnte keine Verbindung zum Server herstellen. Details: HTTPSConnectionPool(host='api.solanatracker.io', port=443): Max retries exceeded with url: /tokens/GAivAeB2h2AnMduEWHWnvmU2yuRMWXycfthFF4Lzpump (Caused by ReadTimeoutError("HTTPSConnectionPool(host='api.solanatracker.io', port=443): Read timed out. (read timeout=20)"))
2025-03-27 14:40:46,620 [INFO] - API-Anfrage abgeschlossen in 80.33s
2025-03-27 14:40:46,620 [INFO] - fetch_axiom_data abgeschlossen in 80.34s
2025-03-27 14:40:46,620 [INFO] - Setze alle Metriken zurück auf: N/A
2025-03-27 14:40:46,629 [WARNING] - Keine Daten erhalten von fetch_axiom_data
2025-03-27 14:40:46,630 [INFO] - Datenabfrage abgeschlossen, setze Loading-Flag zurück
2025-03-27 15:18:25,885 [INFO] - Update Metrics aufgerufen für Token: 3aibbtWXhavxvY1awd3D3bvJQr3s3eWAD1yc1qQGpump
2025-03-27 15:18:25,898 [INFO] - Daten abrufen für Token: 3aibbtWXhavxvY1awd3D3bvJQr3s3eWAD1yc1qQGpump
2025-03-27 15:18:25,899 [INFO] - Thread zum Laden der Daten für 3aibbtWXhavxvY1awd3D3bvJQr3s3eWAD1yc1qQGpump gestartet
2025-03-27 15:18:25,905 [INFO] - Rufe fetch_axiom_data mit Timeout 20s auf
2025-03-27 15:18:25,905 [INFO] - Starte API-Anfrage für Token: 3aibbtWXhavxvY1awd3D3bvJQr3s3eWAD1yc1qQGpump
2025-03-27 15:18:25,906 [INFO] - API-Key (Anfang): xaat...
2025-03-27 15:18:25,906 [INFO] - API-URL: https://api.solanatracker.io/tokens/3aibbtWXhavxvY1awd3D3bvJQr3s3eWAD1yc1qQGpump
2025-03-27 15:18:25,906 [INFO] - Sende Anfrage...
2025-03-27 15:18:31,661 [INFO] - Update Metrics aufgerufen für Token: 3aibbtWXhavxvY1awd3D3bvJQr3s3eWAD1yc1qQGpump
2025-03-27 15:18:31,671 [INFO] - Update abgebrochen - Bereits eine Aktualisierung im Gange
2025-03-27 15:18:33,042 [INFO] - Update Metrics aufgerufen für Token: 3aibbtWXhavxvY1awd3D3bvJQr3s3eWAD1yc1qQGpump
2025-03-27 15:18:33,052 [INFO] - Update abgebrochen - Bereits eine Aktualisierung im Gange
2025-03-27 15:18:45,962 [INFO] - Update Metrics aufgerufen für Token: CjfrXERyNHxKsuJ1bHftFeryMLceK7feNmChpwhupump
2025-03-27 15:18:45,963 [INFO] - Update abgebrochen - Bereits eine Aktualisierung im Gange
2025-03-27 15:18:46,024 [WARNING] - Retrying (Retry(total=2, connect=None, read=None, redirect=None, status=None)) after connection broken by 'ReadTimeoutError("HTTPSConnectionPool(host='api.solanatracker.io', port=443): Read timed out. (read timeout=20)")': /tokens/3aibbtWXhavxvY1awd3D3bvJQr3s3eWAD1yc1qQGpump
2025-03-27 15:18:50,263 [INFO] - Update Metrics aufgerufen für Token: 3aibbtWXhavxvY1awd3D3bvJQr3s3eWAD1yc1qQGpump
2025-03-27 15:18:50,280 [INFO] - Update abgebrochen - Bereits eine Aktualisierung im Gange
2025-03-27 15:19:06,104 [WARNING] - Retrying (Retry(total=1, connect=None, read=None, redirect=None, status=None)) after connection broken by 'ReadTimeoutError("HTTPSConnectionPool(host='api.solanatracker.io', port=443): Read timed out. (read timeout=20)")': /tokens/3aibbtWXhavxvY1awd3D3bvJQr3s3eWAD1yc1qQGpump
2025-03-27 15:19:06,372 [INFO] - Update Metrics aufgerufen für Token: CjfrXERyNHxKsuJ1bHftFeryMLceK7feNmChpwhupump
2025-03-27 15:19:06,385 [INFO] - Update abgebrochen - Bereits eine Aktualisierung im Gange
2025-03-27 15:19:26,157 [WARNING] - Retrying (Retry(total=0, connect=None, read=None, redirect=None, status=None)) after connection broken by 'ReadTimeoutError("HTTPSConnectionPool(host='api.solanatracker.io', port=443): Read timed out. (read timeout=20)")': /tokens/3aibbtWXhavxvY1awd3D3bvJQr3s3eWAD1yc1qQGpump
2025-03-27 15:19:30,266 [INFO] - Update Metrics aufgerufen für Token: CjfrXERyNHxKsuJ1bHftFeryMLceK7feNmChpwhupump
2025-03-27 15:19:30,282 [INFO] - Update abgebrochen - Bereits eine Aktualisierung im Gange
2025-03-27 15:19:34,298 [INFO] - Update Metrics aufgerufen für Token: CjfrXERyNHxKsuJ1bHftFeryMLceK7feNmChpwhupump
2025-03-27 15:19:34,310 [INFO] - Update abgebrochen - Bereits eine Aktualisierung im Gange
2025-03-27 15:19:34,938 [INFO] - Update Metrics aufgerufen für Token: CjfrXERyNHxKsuJ1bHftFeryMLceK7feNmChpwhupump
2025-03-27 15:19:34,957 [INFO] - Update abgebrochen - Bereits eine Aktualisierung im Gange
2025-03-27 15:19:35,195 [INFO] - Update Metrics aufgerufen für Token: CjfrXERyNHxKsuJ1bHftFeryMLceK7feNmChpwhupump
2025-03-27 15:19:35,196 [INFO] - Update abgebrochen - Bereits eine Aktualisierung im Gange
2025-03-27 15:19:35,415 [INFO] - Update Metrics aufgerufen für Token: CjfrXERyNHxKsuJ1bHftFeryMLceK7feNmChpwhupump
2025-03-27 15:19:35,425 [INFO] - Update abgebrochen - Bereits eine Aktualisierung im Gange
2025-03-27 15:19:35,616 [INFO] - Update Metrics aufgerufen für Token: CjfrXERyNHxKsuJ1bHftFeryMLceK7feNmChpwhupump
2025-03-27 15:19:35,625 [INFO] - Update abgebrochen - Bereits eine Aktualisierung im Gange
2025-03-27 15:19:35,797 [INFO] - Update Metrics aufgerufen für Token: CjfrXERyNHxKsuJ1bHftFeryMLceK7feNmChpwhupump
2025-03-27 15:19:35,808 [INFO] - Update abgebrochen - Bereits eine Aktualisierung im Gange
2025-03-27 15:19:35,988 [INFO] - Update Metrics aufgerufen für Token: CjfrXERyNHxKsuJ1bHftFeryMLceK7feNmChpwhupump
2025-03-27 15:19:35,998 [INFO] - Update abgebrochen - Bereits eine Aktualisierung im Gange
2025-03-27 15:19:36,194 [INFO] - Update Metrics aufgerufen für Token: CjfrXERyNHxKsuJ1bHftFeryMLceK7feNmChpwhupump
2025-03-27 15:19:36,203 [INFO] - Update abgebrochen - Bereits eine Aktualisierung im Gange
2025-03-27 15:19:36,404 [INFO] - Update Metrics aufgerufen für Token: CjfrXERyNHxKsuJ1bHftFeryMLceK7feNmChpwhupump
2025-03-27 15:19:36,417 [INFO] - Update abgebrochen - Bereits eine Aktualisierung im Gange
2025-03-27 15:19:36,606 [INFO] - Update Metrics aufgerufen für Token: CjfrXERyNHxKsuJ1bHftFeryMLceK7feNmChpwhupump
2025-03-27 15:19:36,616 [INFO] - Update abgebrochen - Bereits eine Aktualisierung im Gange
2025-03-27 15:19:36,776 [INFO] - Update Metrics aufgerufen für Token: CjfrXERyNHxKsuJ1bHftFeryMLceK7feNmChpwhupump
2025-03-27 15:19:36,786 [INFO] - Update abgebrochen - Bereits eine Aktualisierung im Gange
2025-03-27 15:19:37,031 [INFO] - Update Metrics aufgerufen für Token: CjfrXERyNHxKsuJ1bHftFeryMLceK7feNmChpwhupump
2025-03-27 15:19:37,047 [INFO] - Update abgebrochen - Bereits eine Aktualisierung im Gange
2025-03-27 15:19:37,208 [INFO] - Update Metrics aufgerufen für Token: CjfrXERyNHxKsuJ1bHftFeryMLceK7feNmChpwhupump
2025-03-27 15:19:37,217 [INFO] - Update abgebrochen - Bereits eine Aktualisierung im Gange
2025-03-27 15:19:37,422 [INFO] - Update Metrics aufgerufen für Token: CjfrXERyNHxKsuJ1bHftFeryMLceK7feNmChpwhupump
2025-03-27 15:19:37,431 [INFO] - Update abgebrochen - Bereits eine Aktualisierung im Gange
2025-03-27 15:19:43,830 [INFO] - Update Metrics aufgerufen für Token: CjfrXERyNHxKsuJ1bHftFeryMLceK7feNmChpwhupump
2025-03-27 15:19:43,840 [INFO] - Update abgebrochen - Bereits eine Aktualisierung im Gange
2025-03-27 15:19:44,090 [INFO] - Update Metrics aufgerufen für Token: CjfrXERyNHxKsuJ1bHftFeryMLceK7feNmChpwhupump
2025-03-27 15:19:44,100 [INFO] - Update abgebrochen - Bereits eine Aktualisierung im Gange
2025-03-27 15:19:44,324 [INFO] - Update Metrics aufgerufen für Token: CjfrXERyNHxKsuJ1bHftFeryMLceK7feNmChpwhupump
2025-03-27 15:19:44,334 [INFO] - Update abgebrochen - Bereits eine Aktualisierung im Gange
2025-03-27 15:19:44,623 [INFO] - Update Metrics aufgerufen für Token: CjfrXERyNHxKsuJ1bHftFeryMLceK7feNmChpwhupump
2025-03-27 15:19:44,624 [INFO] - Update abgebrochen - Bereits eine Aktualisierung im Gange
2025-03-27 15:19:44,804 [INFO] - Update Metrics aufgerufen für Token: CjfrXERyNHxKsuJ1bHftFeryMLceK7feNmChpwhupump
2025-03-27 15:19:44,822 [INFO] - Update abgebrochen - Bereits eine Aktualisierung im Gange
2025-03-27 15:19:45,043 [INFO] - Update Metrics aufgerufen für Token: CjfrXERyNHxKsuJ1bHftFeryMLceK7feNmChpwhupump
2025-03-27 15:19:45,057 [INFO] - Update abgebrochen - Bereits eine Aktualisierung im Gange
2025-03-27 15:19:45,243 [INFO] - Update Metrics aufgerufen für Token: CjfrXERyNHxKsuJ1bHftFeryMLceK7feNmChpwhupump
2025-03-27 15:19:45,255 [INFO] - Update abgebrochen - Bereits eine Aktualisierung im Gange
2025-03-27 15:19:45,475 [INFO] - Update Metrics aufgerufen für Token: CjfrXERyNHxKsuJ1bHftFeryMLceK7feNmChpwhupump
2025-03-27 15:19:45,487 [INFO] - Update abgebrochen - Bereits eine Aktualisierung im Gange
2025-03-27 15:19:45,721 [INFO] - Update Metrics aufgerufen für Token: CjfrXERyNHxKsuJ1bHftFeryMLceK7feNmChpwhupump
2025-03-27 15:19:45,733 [INFO] - Update abgebrochen - Bereits eine Aktualisierung im Gange
2025-03-27 15:19:45,959 [INFO] - Update Metrics aufgerufen für Token: CjfrXERyNHxKsuJ1bHftFeryMLceK7feNmChpwhupump
2025-03-27 15:19:45,968 [INFO] - Update abgebrochen - Bereits eine Aktualisierung im Gange
2025-03-27 15:19:46,182 [INFO] - Update Metrics aufgerufen für Token: CjfrXERyNHxKsuJ1bHftFeryMLceK7feNmChpwhupump
2025-03-27 15:19:46,195 [INFO] - Update abgebrochen - Bereits eine Aktualisierung im Gange
2025-03-27 15:19:46,217 [ERROR] - Axiom API-Verbindungsfehler: Konnte keine Verbindung zum Server herstellen. Details: HTTPSConnectionPool(host='api.solanatracker.io', port=443): Max retries exceeded with url: /tokens/3aibbtWXhavxvY1awd3D3bvJQr3s3eWAD1yc1qQGpump (Caused by ReadTimeoutError("HTTPSConnectionPool(host='api.solanatracker.io', port=443): Read timed out. (read timeout=20)"))
2025-03-27 15:19:46,218 [INFO] - API-Anfrage abgeschlossen in 80.31s
2025-03-27 15:19:46,218 [INFO] - fetch_axiom_data abgeschlossen in 80.31s
2025-03-27 15:19:46,218 [INFO] - Setze alle Metriken zurück auf: N/A
2025-03-27 15:19:46,228 [WARNING] - Keine Daten erhalten von fetch_axiom_data
2025-03-27 15:19:46,228 [INFO] - Datenabfrage abgeschlossen, setze Loading-Flag zurück
2025-03-27 15:19:46,393 [INFO] - Update Metrics aufgerufen für Token: CjfrXERyNHxKsuJ1bHftFeryMLceK7feNmChpwhupump
2025-03-27 15:19:46,411 [INFO] - Daten abrufen für Token: CjfrXERyNHxKsuJ1bHftFeryMLceK7feNmChpwhupump
2025-03-27 15:19:46,411 [INFO] - Thread zum Laden der Daten für CjfrXERyNHxKsuJ1bHftFeryMLceK7feNmChpwhupump gestartet
2025-03-27 15:19:46,413 [INFO] - Rufe fetch_axiom_data mit Timeout 20s auf
2025-03-27 15:19:46,413 [INFO] - Starte API-Anfrage für Token: CjfrXERyNHxKsuJ1bHftFeryMLceK7feNmChpwhupump
2025-03-27 15:19:46,414 [INFO] - API-Key (Anfang): xaat...
2025-03-27 15:19:46,414 [INFO] - API-URL: https://api.solanatracker.io/tokens/CjfrXERyNHxKsuJ1bHftFeryMLceK7feNmChpwhupump
2025-03-27 15:19:46,414 [INFO] - Sende Anfrage...
2025-03-27 15:19:46,601 [INFO] - Update Metrics aufgerufen für Token: CjfrXERyNHxKsuJ1bHftFeryMLceK7feNmChpwhupump
2025-03-27 15:19:46,612 [INFO] - Update abgebrochen - Bereits eine Aktualisierung im Gange
2025-03-27 15:19:46,791 [INFO] - Update Metrics aufgerufen für Token: CjfrXERyNHxKsuJ1bHftFeryMLceK7feNmChpwhupump
2025-03-27 15:19:46,801 [INFO] - Update abgebrochen - Bereits eine Aktualisierung im Gange
2025-03-27 15:19:47,017 [INFO] - Update Metrics aufgerufen für Token: CjfrXERyNHxKsuJ1bHftFeryMLceK7feNmChpwhupump
2025-03-27 15:19:47,028 [INFO] - Update abgebrochen - Bereits eine Aktualisierung im Gange
2025-03-27 15:19:48,105 [INFO] - Update Metrics aufgerufen für Token: CjfrXERyNHxKsuJ1bHftFeryMLceK7feNmChpwhupump
2025-03-27 15:19:48,114 [INFO] - Update abgebrochen - Bereits eine Aktualisierung im Gange
2025-03-27 15:19:52,897 [INFO] - Update Metrics aufgerufen für Token: CjfrXERyNHxKsuJ1bHftFeryMLceK7feNmChpwhupump
2025-03-27 15:19:52,907 [INFO] - Update abgebrochen - Bereits eine Aktualisierung im Gange
2025-03-27 15:19:56,269 [INFO] - Update Metrics aufgerufen für Token: CjfrXERyNHxKsuJ1bHftFeryMLceK7feNmChpwhupump
2025-03-27 15:19:56,280 [INFO] - Update abgebrochen - Bereits eine Aktualisierung im Gange
2025-03-27 15:19:59,024 [INFO] - Update Metrics aufgerufen für Token: CjfrXERyNHxKsuJ1bHftFeryMLceK7feNmChpwhupump
2025-03-27 15:19:59,033 [INFO] - Update abgebrochen - Bereits eine Aktualisierung im Gange
2025-03-27 15:20:00,465 [INFO] - Update Metrics aufgerufen für Token: CjfrXERyNHxKsuJ1bHftFeryMLceK7feNmChpwhupump
2025-03-27 15:20:00,475 [INFO] - Update abgebrochen - Bereits eine Aktualisierung im Gange
2025-03-27 15:20:01,867 [INFO] - Update Metrics aufgerufen für Token: CjfrXERyNHxKsuJ1bHftFeryMLceK7feNmChpwhupump
2025-03-27 15:20:01,868 [INFO] - Update abgebrochen - Bereits eine Aktualisierung im Gange
2025-03-27 15:20:02,490 [INFO] - Update Metrics aufgerufen für Token: CjfrXERyNHxKsuJ1bHftFeryMLceK7feNmChpwhupump
2025-03-27 15:20:02,499 [INFO] - Update abgebrochen - Bereits eine Aktualisierung im Gange
2025-03-27 15:20:06,480 [WARNING] - Retrying (Retry(total=2, connect=None, read=None, redirect=None, status=None)) after connection broken by 'ReadTimeoutError("HTTPSConnectionPool(host='api.solanatracker.io', port=443): Read timed out. (read timeout=20)")': /tokens/CjfrXERyNHxKsuJ1bHftFeryMLceK7feNmChpwhupump
2025-03-27 15:20:26,540 [WARNING] - Retrying (Retry(total=1, connect=None, read=None, redirect=None, status=None)) after connection broken by 'ReadTimeoutError("HTTPSConnectionPool(host='api.solanatracker.io', port=443): Read timed out. (read timeout=20)")': /tokens/CjfrXERyNHxKsuJ1bHftFeryMLceK7feNmChpwhupump
2025-03-27 15:20:46,598 [WARNING] - Retrying (Retry(total=0, connect=None, read=None, redirect=None, status=None)) after connection broken by 'ReadTimeoutError("HTTPSConnectionPool(host='api.solanatracker.io', port=443): Read timed out. (read timeout=20)")': /tokens/CjfrXERyNHxKsuJ1bHftFeryMLceK7feNmChpwhupump
2025-03-27 15:21:06,662 [ERROR] - Axiom API-Verbindungsfehler: Konnte keine Verbindung zum Server herstellen. Details: HTTPSConnectionPool(host='api.solanatracker.io', port=443): Max retries exceeded with url: /tokens/CjfrXERyNHxKsuJ1bHftFeryMLceK7feNmChpwhupump (Caused by ReadTimeoutError("HTTPSConnectionPool(host='api.solanatracker.io', port=443): Read timed out. (read timeout=20)"))
2025-03-27 15:21:06,663 [INFO] - API-Anfrage abgeschlossen in 80.25s
2025-03-27 15:21:06,663 [INFO] - fetch_axiom_data abgeschlossen in 80.25s
2025-03-27 15:21:06,664 [INFO] - Setze alle Metriken zurück auf: N/A
2025-03-27 15:21:06,673 [WARNING] - Keine Daten erhalten von fetch_axiom_data
2025-03-27 15:21:06,674 [INFO] - Datenabfrage abgeschlossen, setze Loading-Flag zurück
2025-03-27 15:33:31,576 [INFO] - Update Metrics aufgerufen für Token: Axk4bfSuXV3sReUzCuZELoP6GhTEKaW5cLGiMJxypyhw
2025-03-27 15:33:31,579 [INFO] - Daten abrufen für Token: Axk4bfSuXV3sReUzCuZELoP6GhTEKaW5cLGiMJxypyhw
2025-03-27 15:33:31,579 [INFO] - Thread zum Laden der Daten für Axk4bfSuXV3sReUzCuZELoP6GhTEKaW5cLGiMJxypyhw gestartet
2025-03-27 15:33:31,587 [INFO] - Rufe fetch_axiom_data mit Timeout 20s auf
2025-03-27 15:33:31,587 [INFO] - Starte API-Anfrage für Token: Axk4bfSuXV3sReUzCuZELoP6GhTEKaW5cLGiMJxypyhw
2025-03-27 15:33:31,588 [INFO] - API-Key (Anfang): xaat...
2025-03-27 15:33:31,588 [INFO] - API-URL: https://api.solanatracker.io/tokens/Axk4bfSuXV3sReUzCuZELoP6GhTEKaW5cLGiMJxypyhw
2025-03-27 15:33:31,588 [INFO] - Sende Anfrage...
2025-03-27 15:33:51,716 [WARNING] - Retrying (Retry(total=2, connect=None, read=None, redirect=None, status=None)) after connection broken by 'ReadTimeoutError("HTTPSConnectionPool(host='api.solanatracker.io', port=443): Read timed out. (read timeout=20)")': /tokens/Axk4bfSuXV3sReUzCuZELoP6GhTEKaW5cLGiMJxypyhw
2025-03-27 15:34:11,774 [WARNING] - Retrying (Retry(total=1, connect=None, read=None, redirect=None, status=None)) after connection broken by 'ReadTimeoutError("HTTPSConnectionPool(host='api.solanatracker.io', port=443): Read timed out. (read timeout=20)")': /tokens/Axk4bfSuXV3sReUzCuZELoP6GhTEKaW5cLGiMJxypyhw
2025-03-27 15:34:31,828 [WARNING] - Retrying (Retry(total=0, connect=None, read=None, redirect=None, status=None)) after connection broken by 'ReadTimeoutError("HTTPSConnectionPool(host='api.solanatracker.io', port=443): Read timed out. (read timeout=20)")': /tokens/Axk4bfSuXV3sReUzCuZELoP6GhTEKaW5cLGiMJxypyhw
2025-03-27 15:34:51,885 [ERROR] - Axiom API-Verbindungsfehler: Konnte keine Verbindung zum Server herstellen. Details: HTTPSConnectionPool(host='api.solanatracker.io', port=443): Max retries exceeded with url: /tokens/Axk4bfSuXV3sReUzCuZELoP6GhTEKaW5cLGiMJxypyhw (Caused by ReadTimeoutError("HTTPSConnectionPool(host='api.solanatracker.io', port=443): Read timed out. (read timeout=20)"))
2025-03-27 15:34:51,886 [INFO] - API-Anfrage abgeschlossen in 80.30s
2025-03-27 15:34:51,886 [INFO] - fetch_axiom_data abgeschlossen in 80.30s
2025-03-27 15:34:51,886 [INFO] - Setze alle Metriken zurück auf: N/A
2025-03-27 15:34:51,900 [WARNING] - Keine Daten erhalten von fetch_axiom_data
2025-03-27 15:34:51,901 [INFO] - Datenabfrage abgeschlossen, setze Loading-Flag zurück
2025-03-27 15:34:54,033 [INFO] - Update Metrics aufgerufen für Token: 9oKRUyKhkUhnteBDeUY7VcsXG6wv79ghKDrAVoQppump
2025-03-27 15:34:54,035 [INFO] - Daten abrufen für Token: 9oKRUyKhkUhnteBDeUY7VcsXG6wv79ghKDrAVoQppump
2025-03-27 15:34:54,035 [INFO] - Thread zum Laden der Daten für 9oKRUyKhkUhnteBDeUY7VcsXG6wv79ghKDrAVoQppump gestartet
2025-03-27 15:34:54,052 [INFO] - Rufe fetch_axiom_data mit Timeout 20s auf
2025-03-27 15:34:54,052 [INFO] - Starte API-Anfrage für Token: 9oKRUyKhkUhnteBDeUY7VcsXG6wv79ghKDrAVoQppump
2025-03-27 15:34:54,053 [INFO] - API-Key (Anfang): xaat...
2025-03-27 15:34:54,053 [INFO] - API-URL: https://api.solanatracker.io/tokens/9oKRUyKhkUhnteBDeUY7VcsXG6wv79ghKDrAVoQppump
2025-03-27 15:34:54,053 [INFO] - Sende Anfrage...
2025-03-27 15:35:14,113 [WARNING] - Retrying (Retry(total=2, connect=None, read=None, redirect=None, status=None)) after connection broken by 'ReadTimeoutError("HTTPSConnectionPool(host='api.solanatracker.io', port=443): Read timed out. (read timeout=20)")': /tokens/9oKRUyKhkUhnteBDeUY7VcsXG6wv79ghKDrAVoQppump
2025-03-27 15:35:34,169 [WARNING] - Retrying (Retry(total=1, connect=None, read=None, redirect=None, status=None)) after connection broken by 'ReadTimeoutError("HTTPSConnectionPool(host='api.solanatracker.io', port=443): Read timed out. (read timeout=20)")': /tokens/9oKRUyKhkUhnteBDeUY7VcsXG6wv79ghKDrAVoQppump
2025-03-27 15:35:54,236 [WARNING] - Retrying (Retry(total=0, connect=None, read=None, redirect=None, status=None)) after connection broken by 'ReadTimeoutError("HTTPSConnectionPool(host='api.solanatracker.io', port=443): Read timed out. (read timeout=20)")': /tokens/9oKRUyKhkUhnteBDeUY7VcsXG6wv79ghKDrAVoQppump
2025-03-27 15:36:14,307 [ERROR] - Axiom API-Verbindungsfehler: Konnte keine Verbindung zum Server herstellen. Details: HTTPSConnectionPool(host='api.solanatracker.io', port=443): Max retries exceeded with url: /tokens/9oKRUyKhkUhnteBDeUY7VcsXG6wv79ghKDrAVoQppump (Caused by ReadTimeoutError("HTTPSConnectionPool(host='api.solanatracker.io', port=443): Read timed out. (read timeout=20)"))
2025-03-27 15:36:14,307 [INFO] - API-Anfrage abgeschlossen in 80.25s
2025-03-27 15:36:14,308 [INFO] - fetch_axiom_data abgeschlossen in 80.26s
2025-03-27 15:36:14,308 [INFO] - Setze alle Metriken zurück auf: N/A
2025-03-27 15:36:14,320 [WARNING] - Keine Daten erhalten von fetch_axiom_data
2025-03-27 15:36:14,320 [INFO] - Datenabfrage abgeschlossen, setze Loading-Flag zurück
2025-03-27 15:37:32,953 [INFO] - Update Metrics aufgerufen für Token: 9VxExA1iRPbuLLdSJ2rB3nyBxsyLReT4aqzZBMaBaY1p
2025-03-27 15:37:32,968 [INFO] - Daten abrufen für Token: 9VxExA1iRPbuLLdSJ2rB3nyBxsyLReT4aqzZBMaBaY1p
2025-03-27 15:37:32,968 [INFO] - Thread zum Laden der Daten für 9VxExA1iRPbuLLdSJ2rB3nyBxsyLReT4aqzZBMaBaY1p gestartet
2025-03-27 15:37:32,972 [INFO] - Rufe fetch_axiom_data mit Timeout 20s auf
2025-03-27 15:37:32,972 [INFO] - Starte API-Anfrage für Token: 9VxExA1iRPbuLLdSJ2rB3nyBxsyLReT4aqzZBMaBaY1p
2025-03-27 15:37:32,973 [INFO] - API-Key (Anfang): xaat...
2025-03-27 15:37:32,973 [INFO] - API-URL: https://api.solanatracker.io/tokens/9VxExA1iRPbuLLdSJ2rB3nyBxsyLReT4aqzZBMaBaY1p
2025-03-27 15:37:32,973 [INFO] - Sende Anfrage...
2025-03-27 15:37:53,031 [WARNING] - Retrying (Retry(total=2, connect=None, read=None, redirect=None, status=None)) after connection broken by 'ReadTimeoutError("HTTPSConnectionPool(host='api.solanatracker.io', port=443): Read timed out. (read timeout=20)")': /tokens/9VxExA1iRPbuLLdSJ2rB3nyBxsyLReT4aqzZBMaBaY1p
2025-03-27 15:38:13,099 [WARNING] - Retrying (Retry(total=1, connect=None, read=None, redirect=None, status=None)) after connection broken by 'ReadTimeoutError("HTTPSConnectionPool(host='api.solanatracker.io', port=443): Read timed out. (read timeout=20)")': /tokens/9VxExA1iRPbuLLdSJ2rB3nyBxsyLReT4aqzZBMaBaY1p
2025-03-27 15:38:33,166 [WARNING] - Retrying (Retry(total=0, connect=None, read=None, redirect=None, status=None)) after connection broken by 'ReadTimeoutError("HTTPSConnectionPool(host='api.solanatracker.io', port=443): Read timed out. (read timeout=20)")': /tokens/9VxExA1iRPbuLLdSJ2rB3nyBxsyLReT4aqzZBMaBaY1p
2025-03-27 15:38:53,309 [ERROR] - Axiom API-Verbindungsfehler: Konnte keine Verbindung zum Server herstellen. Details: HTTPSConnectionPool(host='api.solanatracker.io', port=443): Max retries exceeded with url: /tokens/9VxExA1iRPbuLLdSJ2rB3nyBxsyLReT4aqzZBMaBaY1p (Caused by ReadTimeoutError("HTTPSConnectionPool(host='api.solanatracker.io', port=443): Read timed out. (read timeout=20)"))
2025-03-27 15:38:53,310 [INFO] - API-Anfrage abgeschlossen in 80.34s
2025-03-27 15:38:53,310 [INFO] - fetch_axiom_data abgeschlossen in 80.34s
2025-03-27 15:38:53,310 [INFO] - Setze alle Metriken zurück auf: N/A
2025-03-27 15:38:53,319 [WARNING] - Keine Daten erhalten von fetch_axiom_data
2025-03-27 15:38:53,320 [INFO] - Datenabfrage abgeschlossen, setze Loading-Flag zurück
2025-03-27 15:43:38,571 [INFO] - Update Metrics aufgerufen für Token: Ak1ZjuCCQbNEjDhe9xwELA9iDX6VPhftcVSzRbibpump
2025-03-27 15:43:38,573 [INFO] - Daten abrufen für Token: Ak1ZjuCCQbNEjDhe9xwELA9iDX6VPhftcVSzRbibpump
2025-03-27 15:43:38,573 [INFO] - Thread zum Laden der Daten für Ak1ZjuCCQbNEjDhe9xwELA9iDX6VPhftcVSzRbibpump gestartet
2025-03-27 15:43:38,596 [INFO] - Rufe fetch_axiom_data mit Timeout 20s auf
2025-03-27 15:43:38,597 [INFO] - Starte API-Anfrage für Token: Ak1ZjuCCQbNEjDhe9xwELA9iDX6VPhftcVSzRbibpump
2025-03-27 15:43:38,597 [INFO] - API-Key (Anfang): xaat...
2025-03-27 15:43:38,597 [INFO] - API-URL: https://api.solanatracker.io/tokens/Ak1ZjuCCQbNEjDhe9xwELA9iDX6VPhftcVSzRbibpump
2025-03-27 15:43:38,598 [INFO] - Sende Anfrage...
2025-03-27 15:43:58,724 [WARNING] - Retrying (Retry(total=2, connect=None, read=None, redirect=None, status=None)) after connection broken by 'ReadTimeoutError("HTTPSConnectionPool(host='api.solanatracker.io', port=443): Read timed out. (read timeout=20)")': /tokens/Ak1ZjuCCQbNEjDhe9xwELA9iDX6VPhftcVSzRbibpump
2025-03-27 15:44:18,791 [WARNING] - Retrying (Retry(total=1, connect=None, read=None, redirect=None, status=None)) after connection broken by 'ReadTimeoutError("HTTPSConnectionPool(host='api.solanatracker.io', port=443): Read timed out. (read timeout=20)")': /tokens/Ak1ZjuCCQbNEjDhe9xwELA9iDX6VPhftcVSzRbibpump
2025-03-27 15:44:38,866 [WARNING] - Retrying (Retry(total=0, connect=None, read=None, redirect=None, status=None)) after connection broken by 'ReadTimeoutError("HTTPSConnectionPool(host='api.solanatracker.io', port=443): Read timed out. (read timeout=20)")': /tokens/Ak1ZjuCCQbNEjDhe9xwELA9iDX6VPhftcVSzRbibpump
2025-03-27 15:44:58,930 [ERROR] - Axiom API-Verbindungsfehler: Konnte keine Verbindung zum Server herstellen. Details: HTTPSConnectionPool(host='api.solanatracker.io', port=443): Max retries exceeded with url: /tokens/Ak1ZjuCCQbNEjDhe9xwELA9iDX6VPhftcVSzRbibpump (Caused by ReadTimeoutError("HTTPSConnectionPool(host='api.solanatracker.io', port=443): Read timed out. (read timeout=20)"))
2025-03-27 15:44:58,930 [INFO] - API-Anfrage abgeschlossen in 80.33s
2025-03-27 15:44:58,931 [INFO] - fetch_axiom_data abgeschlossen in 80.33s
2025-03-27 15:44:58,931 [INFO] - Setze alle Metriken zurück auf: N/A
2025-03-27 15:44:58,939 [WARNING] - Keine Daten erhalten von fetch_axiom_data
2025-03-27 15:44:58,940 [INFO] - Datenabfrage abgeschlossen, setze Loading-Flag zurück
2025-03-27 15:45:43,645 [INFO] - Update Metrics aufgerufen für Token: 9VxExA1iRPbuLLdSJ2rB3nyBxsyLReT4aqzZBMaBaY1p
2025-03-27 15:45:43,648 [INFO] - Daten abrufen für Token: 9VxExA1iRPbuLLdSJ2rB3nyBxsyLReT4aqzZBMaBaY1p
2025-03-27 15:45:43,648 [INFO] - Thread zum Laden der Daten für 9VxExA1iRPbuLLdSJ2rB3nyBxsyLReT4aqzZBMaBaY1p gestartet
2025-03-27 15:45:43,654 [INFO] - Rufe fetch_axiom_data mit Timeout 20s auf
2025-03-27 15:45:43,654 [INFO] - Starte API-Anfrage für Token: 9VxExA1iRPbuLLdSJ2rB3nyBxsyLReT4aqzZBMaBaY1p
2025-03-27 15:45:43,655 [INFO] - API-Key (Anfang): xaat...
2025-03-27 15:45:43,655 [INFO] - API-URL: https://api.solanatracker.io/tokens/9VxExA1iRPbuLLdSJ2rB3nyBxsyLReT4aqzZBMaBaY1p
2025-03-27 15:45:43,655 [INFO] - Sende Anfrage...
2025-03-27 15:46:03,729 [WARNING] - Retrying (Retry(total=2, connect=None, read=None, redirect=None, status=None)) after connection broken by 'ReadTimeoutError("HTTPSConnectionPool(host='api.solanatracker.io', port=443): Read timed out. (read timeout=20)")': /tokens/9VxExA1iRPbuLLdSJ2rB3nyBxsyLReT4aqzZBMaBaY1p
2025-03-27 15:46:23,795 [WARNING] - Retrying (Retry(total=1, connect=None, read=None, redirect=None, status=None)) after connection broken by 'ReadTimeoutError("HTTPSConnectionPool(host='api.solanatracker.io', port=443): Read timed out. (read timeout=20)")': /tokens/9VxExA1iRPbuLLdSJ2rB3nyBxsyLReT4aqzZBMaBaY1p
2025-03-27 15:46:43,855 [WARNING] - Retrying (Retry(total=0, connect=None, read=None, redirect=None, status=None)) after connection broken by 'ReadTimeoutError("HTTPSConnectionPool(host='api.solanatracker.io', port=443): Read timed out. (read timeout=20)")': /tokens/9VxExA1iRPbuLLdSJ2rB3nyBxsyLReT4aqzZBMaBaY1p
2025-03-27 15:47:03,909 [ERROR] - Axiom API-Verbindungsfehler: Konnte keine Verbindung zum Server herstellen. Details: HTTPSConnectionPool(host='api.solanatracker.io', port=443): Max retries exceeded with url: /tokens/9VxExA1iRPbuLLdSJ2rB3nyBxsyLReT4aqzZBMaBaY1p (Caused by ReadTimeoutError("HTTPSConnectionPool(host='api.solanatracker.io', port=443): Read timed out. (read timeout=20)"))
2025-03-27 15:47:03,910 [INFO] - API-Anfrage abgeschlossen in 80.25s
2025-03-27 15:47:03,910 [INFO] - fetch_axiom_data abgeschlossen in 80.26s
2025-03-27 15:47:03,910 [INFO] - Setze alle Metriken zurück auf: N/A
2025-03-27 15:47:03,913 [WARNING] - Keine Daten erhalten von fetch_axiom_data
2025-03-27 15:47:03,913 [INFO] - Datenabfrage abgeschlossen, setze Loading-Flag zurück
2025-03-27 15:48:08,081 [INFO] - Update Metrics aufgerufen für Token: 4rwPNRSFgcS7EGphFdX7VwXuhjZGxph7gYyb7Zp2pump
2025-03-27 15:48:08,084 [INFO] - Daten abrufen für Token: 4rwPNRSFgcS7EGphFdX7VwXuhjZGxph7gYyb7Zp2pump
2025-03-27 15:48:08,084 [INFO] - Thread zum Laden der Daten für 4rwPNRSFgcS7EGphFdX7VwXuhjZGxph7gYyb7Zp2pump gestartet
2025-03-27 15:48:08,091 [INFO] - Rufe fetch_axiom_data mit Timeout 20s auf
2025-03-27 15:48:08,092 [INFO] - Starte API-Anfrage für Token: 4rwPNRSFgcS7EGphFdX7VwXuhjZGxph7gYyb7Zp2pump
2025-03-27 15:48:08,092 [INFO] - API-Key (Anfang): xaat...
2025-03-27 15:48:08,092 [INFO] - API-URL: https://api.solanatracker.io/tokens/4rwPNRSFgcS7EGphFdX7VwXuhjZGxph7gYyb7Zp2pump
2025-03-27 15:48:08,093 [INFO] - Sende Anfrage...
2025-03-27 15:48:28,149 [WARNING] - Retrying (Retry(total=2, connect=None, read=None, redirect=None, status=None)) after connection broken by 'ReadTimeoutError("HTTPSConnectionPool(host='api.solanatracker.io', port=443): Read timed out. (read timeout=20)")': /tokens/4rwPNRSFgcS7EGphFdX7VwXuhjZGxph7gYyb7Zp2pump
2025-03-27 15:48:48,226 [WARNING] - Retrying (Retry(total=1, connect=None, read=None, redirect=None, status=None)) after connection broken by 'ReadTimeoutError("HTTPSConnectionPool(host='api.solanatracker.io', port=443): Read timed out. (read timeout=20)")': /tokens/4rwPNRSFgcS7EGphFdX7VwXuhjZGxph7gYyb7Zp2pump
2025-03-27 15:49:08,360 [WARNING] - Retrying (Retry(total=0, connect=None, read=None, redirect=None, status=None)) after connection broken by 'ReadTimeoutError("HTTPSConnectionPool(host='api.solanatracker.io', port=443): Read timed out. (read timeout=20)")': /tokens/4rwPNRSFgcS7EGphFdX7VwXuhjZGxph7gYyb7Zp2pump
2025-03-27 15:49:28,418 [ERROR] - Axiom API-Verbindungsfehler: Konnte keine Verbindung zum Server herstellen. Details: HTTPSConnectionPool(host='api.solanatracker.io', port=443): Max retries exceeded with url: /tokens/4rwPNRSFgcS7EGphFdX7VwXuhjZGxph7gYyb7Zp2pump (Caused by ReadTimeoutError("HTTPSConnectionPool(host='api.solanatracker.io', port=443): Read timed out. (read timeout=20)"))
2025-03-27 15:49:28,419 [INFO] - API-Anfrage abgeschlossen in 80.33s
2025-03-27 15:49:28,419 [INFO] - fetch_axiom_data abgeschlossen in 80.33s
2025-03-27 15:49:28,419 [INFO] - Setze alle Metriken zurück auf: N/A
2025-03-27 15:49:28,554 [WARNING] - Keine Daten erhalten von fetch_axiom_data
2025-03-27 15:49:28,555 [INFO] - Datenabfrage abgeschlossen, setze Loading-Flag zurück
2025-03-27 15:52:10,506 [INFO] - Update Metrics aufgerufen für Token: 88Gjd6MYgwLmie3vsfik9bZvuzYxYgm6cwPXuVsaDwTd
2025-03-27 15:52:10,509 [INFO] - Daten abrufen für Token: 88Gjd6MYgwLmie3vsfik9bZvuzYxYgm6cwPXuVsaDwTd
2025-03-27 15:52:10,509 [INFO] - Thread zum Laden der Daten für 88Gjd6MYgwLmie3vsfik9bZvuzYxYgm6cwPXuVsaDwTd gestartet
2025-03-27 15:52:10,517 [INFO] - Rufe fetch_axiom_data mit Timeout 20s auf
2025-03-27 15:52:10,518 [INFO] - Starte API-Anfrage für Token: 88Gjd6MYgwLmie3vsfik9bZvuzYxYgm6cwPXuVsaDwTd
2025-03-27 15:52:10,518 [INFO] - API-Key (Anfang): xaat...
2025-03-27 15:52:10,518 [INFO] - API-URL: https://api.solanatracker.io/tokens/88Gjd6MYgwLmie3vsfik9bZvuzYxYgm6cwPXuVsaDwTd
2025-03-27 15:52:10,519 [INFO] - Sende Anfrage...
2025-03-27 15:52:30,587 [WARNING] - Retrying (Retry(total=2, connect=None, read=None, redirect=None, status=None)) after connection broken by 'ReadTimeoutError("HTTPSConnectionPool(host='api.solanatracker.io', port=443): Read timed out. (read timeout=20)")': /tokens/88Gjd6MYgwLmie3vsfik9bZvuzYxYgm6cwPXuVsaDwTd
